**********************
Inicio de la transcripción de Windows PowerShell
Hora de inicio: 20240309184633
Nombre de usuario: ORACLE\Administrador
Usuario RunAs: ORACLE\Administrador
Nombre de la configuración: 
Máquina: ORACLE (Microsoft Windows NT 10.0.20348.0)
Aplicación host: C:\Windows\System32\WindowsPowerShell\v1.0\powershell.exe
Id. de proceso: 6600
PSVersion: 5.1.20348.2227
PSEdition: Desktop
PSCompatibleVersions: 1.0, 2.0, 3.0, 4.0, 5.0, 5.1.20348.2227
BuildVersion: 10.0.20348.2227
CLRVersion: 4.0.30319.42000
WSManStackVersion: 3.0
PSRemotingProtocolVersion: 2.3
SerializationVersion: 1.1.0.1
**********************
La transcripción ha comenzado. El archivo de salida es .\backup.log
Usuarios seleccionados: debian
C) Realizar copia de seguridad de los usuarios seleccionados
R) Restaturar última copia de seguridad de los usuarios seleccionados
E) Ver los registros de los backups
0) Salir

Backup realizado con éxito

Usuarios seleccionados: debian
C) Realizar copia de seguridad de los usuarios seleccionados
R) Restaturar última copia de seguridad de los usuarios seleccionados
E) Ver los registros de los backups
0) Salir

ExpandArchiveHelper : No se pudo crear el archivo 'C:\Users\debian\debian\Hola.txt' al expandir el contenido del 
archivo de almacenamiento 'D:\debian-03-09-2024_18-46.zip', porque el archivo 'C:\Users\debian\debian\Hola.txt' ya 
existe. Use el parámetro -Force si desea sobrescribir el contenido del directorio 'C:\Users\debian\debian\Hola.txt' 
existente al expandir el archivo de almacenamiento.
En C:\Windows\system32\WindowsPowerShell\v1.0\Modules\Microsoft.PowerShell.Archive\Microsoft.PowerShell.Archive.psm1: 
397 Carácter: 17
+ ...             ExpandArchiveHelper $resolvedSourcePaths $resolvedDestina ...
+                 ~~~~~~~~~~~~~~~~~~~~~~~~~~~~~~~~~~~~~~~~~~~~~~~~~~~~~~~~~
    + CategoryInfo          : InvalidOperation: (C:\Users\debian\debian\Hola.txt:String) [Write-Error], IOException
    + FullyQualifiedErrorId : ExpandArchiveFileExists,ExpandArchiveHelper
ExpandArchiveHelper : No se pudo crear el archivo 'C:\Users\debian\debian\Hola.txt' al expandir el contenido del archivo de almacenamiento 'D:\debian-03-09-2024_18-46.zip',
porque el archivo 'C:\Users\debian\debian\Hola.txt' ya existe. Use el parámetro -Force si desea sobrescribir el contenido del directorio 'C:\Users\debian\debian\Hola.txt'
existente al expandir el archivo de almacenamiento.
En C:\Windows\system32\WindowsPowerShell\v1.0\Modules\Microsoft.PowerShell.Archive\Microsoft.PowerShell.Archive.psm1: 397 Carácter: 17
+ ...             ExpandArchiveHelper $resolvedSourcePaths $resolvedDestina ...
+                 ~~~~~~~~~~~~~~~~~~~~~~~~~~~~~~~~~~~~~~~~~~~~~~~~~~~~~~~~~
    + CategoryInfo          : InvalidOperation: (C:\Users\debian\debian\Hola.txt:String) [Write-Error], IOException
    + FullyQualifiedErrorId : ExpandArchiveFileExists,ExpandArchiveHelper

Backup restaurado con éxito

Usuarios seleccionados: debian
C) Realizar copia de seguridad de los usuarios seleccionados
R) Restaturar última copia de seguridad de los usuarios seleccionados
E) Ver los registros de los backups
0) Salir

**********************
Fin de la transcripción de Windows PowerShell
Hora de finalización: 20240309184658
**********************
