**********************
Inicio de la transcripción de Windows PowerShell
Hora de inicio: 20240309184533
Nombre de usuario: ORACLE\Administrador
Usuario RunAs: ORACLE\Administrador
Nombre de la configuración: 
Máquina: ORACLE (Microsoft Windows NT 10.0.20348.0)
Aplicación host: C:\Windows\System32\WindowsPowerShell\v1.0\powershell.exe
Id. de proceso: 6600
PSVersion: 5.1.20348.2227
PSEdition: Desktop
PSCompatibleVersions: 1.0, 2.0, 3.0, 4.0, 5.0, 5.1.20348.2227
BuildVersion: 10.0.20348.2227
CLRVersion: 4.0.30319.42000
WSManStackVersion: 3.0
PSRemotingProtocolVersion: 2.3
SerializationVersion: 1.1.0.1
**********************
La transcripción ha comenzado. El archivo de salida es .\usuarios.log
el grupo GrupoZ existe, por lo tanto se salta su creación
el usuario john existe, por lo tanto se salta su creación
el grupo GrupoC existe, por lo tanto se salta su creación
el usuario jane existe, por lo tanto se salta su creación
el grupo GrupoH existe, por lo tanto se salta su creación
el usuario bob existe, por lo tanto se salta su creación
**********************
Fin de la transcripción de Windows PowerShell
Hora de finalización: 20240309184534
**********************
